<?xml version="1.0" encoding="UTF-8"?>
<!-- Generated by org.testng.reporters.JUnitReportReporter -->
<testsuite hostname="DESKTOP-100B1FK" failures="0" tests="1" name="sdet21ComplexResponseValidation.HandlingStaticResponse" time="3.998" errors="0" timestamp="29 Oct 2021 08:06:58 GMT" skipped="0">
  <testcase classname="sdet21ComplexResponseValidation.HandlingStaticResponse" name="staticResponse" time="3.998"/>
</testsuite> <!-- sdet21ComplexResponseValidation.HandlingStaticResponse -->
