<?xml version="1.0" encoding="UTF-8"?>
<!-- Generated by org.testng.reporters.JUnitReportReporter -->
<testsuite hostname="DESKTOP-100B1FK" failures="0" tests="1" name="sdet21ComplexResponseValidation.HandlingDynamicResponse" time="8.681" errors="0" timestamp="30 Oct 2021 13:51:20 GMT" skipped="0">
  <testcase classname="sdet21ComplexResponseValidation.HandlingDynamicResponse" name="DynamicResponse" time="8.681"/>
</testsuite> <!-- sdet21ComplexResponseValidation.HandlingDynamicResponse -->
