<?xml version="1.0" encoding="UTF-8"?>
<!-- Generated by org.testng.reporters.JUnitReportReporter -->
<testsuite hostname="DESKTOP-100B1FK" failures="0" tests="1" name="com.crudOperationswithBDD.CreateProjectUsingPOJO" time="8.235" errors="0" timestamp="29 Oct 2021 07:46:03 GMT" skipped="0">
  <testcase classname="com.crudOperationswithBDD.CreateProjectUsingPOJO" name="createProjectUsingPOJO" time="8.235"/>
</testsuite> <!-- com.crudOperationswithBDD.CreateProjectUsingPOJO -->
