<?xml version="1.0" encoding="UTF-8"?>
<!-- Generated by org.testng.reporters.JUnitReportReporter -->
<testsuite hostname="DESKTOP-100B1FK" failures="0" tests="1" name="com.crudOperationswithoutBDD.CreateAResource" time="4.791" errors="0" timestamp="28 Oct 2021 09:49:49 GMT" skipped="0">
  <testcase classname="com.crudOperationswithoutBDD.CreateAResource" name="create" time="4.791"/>
</testsuite> <!-- com.crudOperationswithoutBDD.CreateAResource -->
