<?xml version="1.0" encoding="UTF-8"?>
<!-- Generated by org.testng.reporters.JUnitReportReporter -->
<testsuite hostname="DESKTOP-100B1FK" failures="0" tests="1" name="com.crudOperationswithoutBDD.GetAllTheResource" time="4.028" errors="0" timestamp="30 Oct 2021 14:13:35 GMT" skipped="0">
  <testcase classname="com.crudOperationswithoutBDD.GetAllTheResource" name="getAllData" time="4.028"/>
</testsuite> <!-- com.crudOperationswithoutBDD.GetAllTheResource -->
