<?xml version="1.0" encoding="UTF-8"?>
<!-- Generated by org.testng.reporters.JUnitReportReporter -->
<testsuite hostname="DESKTOP-100B1FK" failures="0" tests="1" name="com.crudOperationswithBDD.CreateProjectUsingJSONFile" time="4.334" errors="0" timestamp="28 Oct 2021 09:59:43 GMT" skipped="0">
  <testcase classname="com.crudOperationswithBDD.CreateProjectUsingJSONFile" name="createProjectUsingJSONFile" time="4.334"/>
</testsuite> <!-- com.crudOperationswithBDD.CreateProjectUsingJSONFile -->
