<?xml version="1.0" encoding="UTF-8"?>
<!-- Generated by org.testng.reporters.JUnitReportReporter -->
<testsuite hostname="DESKTOP-100B1FK" failures="0" tests="1" name="com.crudOperationswithBDD.createProjectUsingHashMap" time="3.746" errors="0" timestamp="28 Oct 2021 09:50:21 GMT" skipped="0">
  <testcase classname="com.crudOperationswithBDD.createProjectUsingHashMap" name="createProjectUsingHashMap" time="3.746"/>
</testsuite> <!-- com.crudOperationswithBDD.createProjectUsingHashMap -->
