<?xml version="1.0" encoding="UTF-8"?>
<!-- Generated by org.testng.reporters.JUnitReportReporter -->
<testsuite hostname="DESKTOP-100B1FK" failures="0" tests="1" name="com.crudOperationswithoutBDD.DeleteOneResource" time="2.992" errors="0" timestamp="26 Oct 2021 16:23:14 GMT" skipped="0">
  <testcase classname="com.crudOperationswithoutBDD.DeleteOneResource" name="delete" time="2.992"/>
</testsuite> <!-- com.crudOperationswithoutBDD.DeleteOneResource -->
